<?xml version="1.0" encoding="UTF-8"?>
<!-- Generated by org.testng.reporters.JUnitReportReporter -->
<testsuite hostname="Ranjeet-MacBook-Pro.local" failures="0" tests="1" name="Com.internetbaning.TestCases.TC_NewAccount_003" time="37.049" errors="0" timestamp="2022-11-28T00:09:32 IST" skipped="0">
  <testcase classname="Com.internetbaning.TestCases.TC_NewAccount_003" name="AddnewAccount" time="37.049"/>
  <system-out/>
</testsuite> <!-- Com.internetbaning.TestCases.TC_NewAccount_003 -->
