<?xml version="1.0" encoding="UTF-8"?>
<!-- Generated by org.testng.reporters.JUnitReportReporter -->
<testsuite hostname="Ranjeet-MacBook-Pro.local" failures="0" tests="5" name="Com.internetbaning.TestCases.TC_LoginDDT_002" time="158.093" errors="0" timestamp="2022-11-28T00:09:32 IST" skipped="0">
  <testcase classname="Com.internetbaning.TestCases.TC_LoginDDT_002" name="loginDDT" time="31.023"/>
  <system-out/>
  <testcase classname="Com.internetbaning.TestCases.TC_LoginDDT_002" name="loginDDT" time="31.245"/>
  <system-out/>
  <testcase classname="Com.internetbaning.TestCases.TC_LoginDDT_002" name="loginDDT" time="34.538"/>
  <system-out/>
  <testcase classname="Com.internetbaning.TestCases.TC_LoginDDT_002" name="loginDDT" time="29.880"/>
  <system-out/>
  <testcase classname="Com.internetbaning.TestCases.TC_LoginDDT_002" name="loginDDT" time="31.407"/>
  <system-out/>
</testsuite> <!-- Com.internetbaning.TestCases.TC_LoginDDT_002 -->
